<?xml version="1.0" encoding="UTF-8"?>
<!-- Generated by org.testng.reporters.JUnitReportReporter -->
<testsuite skipped="0" hostname="DESKTOP-UHQR9T6" name="com.OrangeHRM.TestCase.AddEmployeeTest" tests="3" failures="0" timestamp="2023-07-28T11:06:42 IST" time="55.401" errors="0">
  <testcase name="login" time="20.833" classname="com.OrangeHRM.TestCase.AddEmployeeTest"/>
  <system-out/>
  <testcase name="login" time="17.034" classname="com.OrangeHRM.TestCase.AddEmployeeTest"/>
  <system-out/>
  <testcase name="login" time="17.534" classname="com.OrangeHRM.TestCase.AddEmployeeTest"/>
  <system-out/>
</testsuite> <!-- com.OrangeHRM.TestCase.AddEmployeeTest -->
