<?xml version="1.0" encoding="UTF-8"?>
<!-- Generated by org.testng.reporters.JUnitReportReporter -->
<testsuite skipped="0" hostname="DESKTOP-UHQR9T6" name="com.OrangeHRM.Base.ProjectSpecifications" tests="1" failures="0" timestamp="2023-07-27T19:34:38 IST" time="7.840" errors="0">
  <testcase name="preConditions" time="7.840" classname="com.OrangeHRM.Base.ProjectSpecifications"/>
  <system-out/>
</testsuite> <!-- com.OrangeHRM.Base.ProjectSpecifications -->
