<?xml version="1.0" encoding="UTF-8"?>
<!-- Generated by org.testng.reporters.JUnitReportReporter -->
<testsuite skipped="0" hostname="DESKTOP-UHQR9T6" name="com.OrangeHRM.TestCase.EmployeeCheck" tests="1" failures="0" timestamp="2023-07-28T11:05:13 IST" time="18.258" errors="0">
  <testcase name="checkEmployees" time="18.258" classname="com.OrangeHRM.TestCase.EmployeeCheck"/>
  <system-out/>
</testsuite> <!-- com.OrangeHRM.TestCase.EmployeeCheck -->
