<?xml version="1.0" encoding="UTF-8"?>
<!-- Generated by org.testng.reporters.JUnitReportReporter -->
<testsuite skipped="0" hostname="DESKTOP-UHQR9T6" name="utilities.DataDriven" tests="1" failures="0" timestamp="2023-07-27T21:19:00 IST" time="1.117" errors="0">
  <testcase name="readExcel" time="1.117" classname="utilities.DataDriven"/>
  <system-out/>
</testsuite> <!-- utilities.DataDriven -->
